
STATUS | wrapper  | 2012/08/17 04:22:50 | --> Wrapper Started as Console
STATUS | wrapper  | 2012/08/17 04:22:50 | Java Service Wrapper Community Edition 32-bit 3.5.15
STATUS | wrapper  | 2012/08/17 04:22:50 |   Copyright (C) 1999-2012 Tanuki Software, Ltd. All Rights Reserved.
STATUS | wrapper  | 2012/08/17 04:22:50 |     http://wrapper.tanukisoftware.com
STATUS | wrapper  | 2012/08/17 04:22:50 | 
STATUS | wrapper  | 2012/08/17 04:22:51 | Launching a JVM...
INFO   | jvm 1    | 2012/08/17 04:22:53 | WrapperManager: Initializing...
INFO   | jvm 1    | 2012/08/17 04:22:54 | DemoApp: Initializing...
INFO   | jvm 1    | 2012/08/17 04:22:54 | Demo: start()
INFO   | jvm 1    | 2012/08/17 04:22:54 | Demo: Showing dialog...
STATUS | wrapper  | 2012/08/17 04:22:55 | --> Wrapper Started as Console
STATUS | wrapper  | 2012/08/17 04:22:55 | Java Service Wrapper Community Edition 32-bit 3.5.15
STATUS | wrapper  | 2012/08/17 04:22:55 |   Copyright (C) 1999-2012 Tanuki Software, Ltd. All Rights Reserved.
STATUS | wrapper  | 2012/08/17 04:22:55 |     http://wrapper.tanukisoftware.com
STATUS | wrapper  | 2012/08/17 04:22:55 | 
STATUS | wrapper  | 2012/08/17 04:22:55 | Launching a JVM...
INFO   | jvm 1    | 2012/08/17 04:22:56 | WrapperManager: Initializing...
INFO   | jvm 1    | 2012/08/17 04:22:56 | DemoApp: Initializing...
INFO   | jvm 1    | 2012/08/17 04:22:56 | Started and waiting for a command from the Demo Application
INFO   | jvm 1    | 2012/08/17 04:23:08 | Stopping...
INFO   | jvm 1    | 2012/08/17 04:23:08 | Read action: finish
INFO   | jvm 1    | 2012/08/17 04:23:09 | Demo: stop(0)
INFO   | jvm 1    | 2012/08/17 04:23:09 | Demo: stop(0)
STATUS | wrapper  | 2012/08/17 04:23:10 | <-- Wrapper Stopped
STATUS | wrapper  | 2012/08/17 04:23:10 | <-- Wrapper Stopped
STATUS | wrapper  | 2012/08/17 04:33:21 | --> Wrapper Started as Console
STATUS | wrapper  | 2012/08/17 04:33:21 | Java Service Wrapper Community Edition 32-bit 3.5.15
STATUS | wrapper  | 2012/08/17 04:33:21 |   Copyright (C) 1999-2012 Tanuki Software, Ltd. All Rights Reserved.
STATUS | wrapper  | 2012/08/17 04:33:21 |     http://wrapper.tanukisoftware.com
STATUS | wrapper  | 2012/08/17 04:33:21 | 
STATUS | wrapper  | 2012/08/17 04:33:21 | Launching a JVM...
INFO   | jvm 1    | 2012/08/17 04:33:21 | Error: Could not find or load main class org.tanukisoftware.wrapper.WrapperSiimpleApp
ERROR  | wrapper  | 2012/08/17 04:33:21 | JVM exited while loading the application.
STATUS | wrapper  | 2012/08/17 04:33:26 | Launching a JVM...
INFO   | jvm 2    | 2012/08/17 04:33:26 | Error: Could not find or load main class org.tanukisoftware.wrapper.WrapperSiimpleApp
ERROR  | wrapper  | 2012/08/17 04:33:26 | JVM exited while loading the application.
STATUS | wrapper  | 2012/08/17 04:33:29 | CTRL-C trapped.  Shutting down.
STATUS | wrapper  | 2012/08/17 04:33:29 | <-- Wrapper Stopped
STATUS | wrapper  | 2012/08/17 04:33:39 | --> Wrapper Started as Console
STATUS | wrapper  | 2012/08/17 04:33:39 | Java Service Wrapper Community Edition 32-bit 3.5.15
STATUS | wrapper  | 2012/08/17 04:33:39 |   Copyright (C) 1999-2012 Tanuki Software, Ltd. All Rights Reserved.
STATUS | wrapper  | 2012/08/17 04:33:39 |     http://wrapper.tanukisoftware.com
STATUS | wrapper  | 2012/08/17 04:33:39 | 
STATUS | wrapper  | 2012/08/17 04:33:40 | Launching a JVM...
INFO   | jvm 1    | 2012/08/17 04:33:40 | WrapperManager: Initializing...
INFO   | jvm 1    | 2012/08/17 04:33:40 | 
INFO   | jvm 1    | 2012/08/17 04:33:40 | WrapperSimpleApp Usage:
INFO   | jvm 1    | 2012/08/17 04:33:40 |   java org.tanukisoftware.wrapper.WrapperSimpleApp {app_class{/app_method}} [app_arguments]
INFO   | jvm 1    | 2012/08/17 04:33:40 | 
INFO   | jvm 1    | 2012/08/17 04:33:40 | Where:
INFO   | jvm 1    | 2012/08/17 04:33:40 |   app_class:      The fully qualified class name of the application to run.
INFO   | jvm 1    | 2012/08/17 04:33:40 |   app_arguments:  The arguments that would normally be passed to the
INFO   | jvm 1    | 2012/08/17 04:33:40 |                   application.
ERROR  | wrapper  | 2012/08/17 04:33:42 | JVM exited while loading the application.
STATUS | wrapper  | 2012/08/17 04:33:46 | Launching a JVM...
INFO   | jvm 2    | 2012/08/17 04:33:47 | WrapperManager: Initializing...
INFO   | jvm 2    | 2012/08/17 04:33:47 | 
INFO   | jvm 2    | 2012/08/17 04:33:47 | WrapperSimpleApp Usage:
INFO   | jvm 2    | 2012/08/17 04:33:47 |   java org.tanukisoftware.wrapper.WrapperSimpleApp {app_class{/app_method}} [app_arguments]
INFO   | jvm 2    | 2012/08/17 04:33:47 | 
INFO   | jvm 2    | 2012/08/17 04:33:47 | Where:
INFO   | jvm 2    | 2012/08/17 04:33:47 |   app_class:      The fully qualified class name of the application to run.
INFO   | jvm 2    | 2012/08/17 04:33:47 |   app_arguments:  The arguments that would normally be passed to the
INFO   | jvm 2    | 2012/08/17 04:33:47 |                   application.
ERROR  | wrapper  | 2012/08/17 04:33:49 | JVM exited while loading the application.
STATUS | wrapper  | 2012/08/17 04:33:53 | Launching a JVM...
INFO   | jvm 3    | 2012/08/17 04:33:53 | WrapperManager: Initializing...
INFO   | jvm 3    | 2012/08/17 04:33:54 | 
INFO   | jvm 3    | 2012/08/17 04:33:54 | WrapperSimpleApp Usage:
INFO   | jvm 3    | 2012/08/17 04:33:54 |   java org.tanukisoftware.wrapper.WrapperSimpleApp {app_class{/app_method}} [app_arguments]
INFO   | jvm 3    | 2012/08/17 04:33:54 | 
INFO   | jvm 3    | 2012/08/17 04:33:54 | Where:
INFO   | jvm 3    | 2012/08/17 04:33:54 |   app_class:      The fully qualified class name of the application to run.
INFO   | jvm 3    | 2012/08/17 04:33:54 |   app_arguments:  The arguments that would normally be passed to the
INFO   | jvm 3    | 2012/08/17 04:33:54 |                   application.
STATUS | wrapper  | 2012/08/17 04:33:54 | CTRL-C trapped.  Shutting down.
WARN   | wrapper  | 2012/08/17 04:33:55 | JVM exited unexpectedly while stopping the application.
STATUS | wrapper  | 2012/08/17 04:33:56 | <-- Wrapper Stopped
STATUS | wrapper  | 2012/08/17 04:34:47 | --> Wrapper Started as Console
STATUS | wrapper  | 2012/08/17 04:34:47 | Java Service Wrapper Community Edition 32-bit 3.5.15
STATUS | wrapper  | 2012/08/17 04:34:47 |   Copyright (C) 1999-2012 Tanuki Software, Ltd. All Rights Reserved.
STATUS | wrapper  | 2012/08/17 04:34:47 |     http://wrapper.tanukisoftware.com
STATUS | wrapper  | 2012/08/17 04:34:47 | 
STATUS | wrapper  | 2012/08/17 04:34:48 | Launching a JVM...
INFO   | jvm 1    | 2012/08/17 04:34:48 | WrapperManager: Initializing...
INFO   | jvm 1    | 2012/08/17 04:34:48 | DemoApp: Initializing...
INFO   | jvm 1    | 2012/08/17 04:34:48 | Demo: start()
INFO   | jvm 1    | 2012/08/17 04:34:48 | Demo: Showing dialog...
STATUS | wrapper  | 2012/08/17 04:34:49 | --> Wrapper Started as Console
STATUS | wrapper  | 2012/08/17 04:34:49 | Java Service Wrapper Community Edition 32-bit 3.5.15
STATUS | wrapper  | 2012/08/17 04:34:49 |   Copyright (C) 1999-2012 Tanuki Software, Ltd. All Rights Reserved.
STATUS | wrapper  | 2012/08/17 04:34:49 |     http://wrapper.tanukisoftware.com
STATUS | wrapper  | 2012/08/17 04:34:49 | 
STATUS | wrapper  | 2012/08/17 04:34:49 | Launching a JVM...
INFO   | jvm 1    | 2012/08/17 04:34:49 | WrapperManager: Initializing...
INFO   | jvm 1    | 2012/08/17 04:34:49 | DemoApp: Initializing...
INFO   | jvm 1    | 2012/08/17 04:34:49 | Started and waiting for a command from the Demo Application
INFO   | jvm 1    | 2012/08/17 04:34:53 | Read action: finish
INFO   | jvm 1    | 2012/08/17 04:34:54 | Demo: stop(0)
INFO   | jvm 1    | 2012/08/17 04:34:54 | Demo: stop(0)
STATUS | wrapper  | 2012/08/17 04:34:55 | <-- Wrapper Stopped
STATUS | wrapper  | 2012/08/17 04:34:55 | <-- Wrapper Stopped
STATUS | wrapper  | 2012/08/17 04:39:02 | --> Wrapper Started as Console
STATUS | wrapper  | 2012/08/17 04:39:02 | Java Service Wrapper Community Edition 32-bit 3.5.15
STATUS | wrapper  | 2012/08/17 04:39:02 |   Copyright (C) 1999-2012 Tanuki Software, Ltd. All Rights Reserved.
STATUS | wrapper  | 2012/08/17 04:39:02 |     http://wrapper.tanukisoftware.com
STATUS | wrapper  | 2012/08/17 04:39:02 | 
STATUS | wrapper  | 2012/08/17 04:39:02 | Launching a JVM...
INFO   | jvm 1    | 2012/08/17 04:39:02 | WrapperManager: Initializing...
INFO   | jvm 1    | 2012/08/17 04:39:03 | 
INFO   | jvm 1    | 2012/08/17 04:39:03 | WrapperSimpleApp Usage:
INFO   | jvm 1    | 2012/08/17 04:39:03 |   java org.tanukisoftware.wrapper.WrapperSimpleApp {app_class{/app_method}} [app_arguments]
INFO   | jvm 1    | 2012/08/17 04:39:03 | 
INFO   | jvm 1    | 2012/08/17 04:39:03 | Where:
INFO   | jvm 1    | 2012/08/17 04:39:03 |   app_class:      The fully qualified class name of the application to run.
INFO   | jvm 1    | 2012/08/17 04:39:03 |   app_arguments:  The arguments that would normally be passed to the
INFO   | jvm 1    | 2012/08/17 04:39:03 |                   application.
ERROR  | wrapper  | 2012/08/17 04:39:04 | JVM exited while loading the application.
STATUS | wrapper  | 2012/08/17 04:39:09 | Launching a JVM...
INFO   | jvm 2    | 2012/08/17 04:39:09 | WrapperManager: Initializing...
INFO   | jvm 2    | 2012/08/17 04:39:09 | 
INFO   | jvm 2    | 2012/08/17 04:39:09 | WrapperSimpleApp Usage:
INFO   | jvm 2    | 2012/08/17 04:39:09 |   java org.tanukisoftware.wrapper.WrapperSimpleApp {app_class{/app_method}} [app_arguments]
INFO   | jvm 2    | 2012/08/17 04:39:09 | 
INFO   | jvm 2    | 2012/08/17 04:39:09 | Where:
INFO   | jvm 2    | 2012/08/17 04:39:09 |   app_class:      The fully qualified class name of the application to run.
INFO   | jvm 2    | 2012/08/17 04:39:09 |   app_arguments:  The arguments that would normally be passed to the
INFO   | jvm 2    | 2012/08/17 04:39:09 |                   application.
STATUS | wrapper  | 2012/08/17 04:39:11 | CTRL-C trapped.  Shutting down.
WARN   | wrapper  | 2012/08/17 04:39:11 | JVM exited unexpectedly while stopping the application.
STATUS | wrapper  | 2012/08/17 04:39:11 | <-- Wrapper Stopped
STATUS | wrapper  | 2012/08/17 04:45:46 | --> Wrapper Started as Console
STATUS | wrapper  | 2012/08/17 04:45:46 | Java Service Wrapper Community Edition 32-bit 3.5.15
STATUS | wrapper  | 2012/08/17 04:45:46 |   Copyright (C) 1999-2012 Tanuki Software, Ltd. All Rights Reserved.
STATUS | wrapper  | 2012/08/17 04:45:46 |     http://wrapper.tanukisoftware.com
STATUS | wrapper  | 2012/08/17 04:45:46 | 
STATUS | wrapper  | 2012/08/17 04:45:47 | Launching a JVM...
INFO   | jvm 1    | 2012/08/17 04:45:47 | WrapperManager: Initializing...
INFO   | jvm 1    | 2012/08/17 04:45:49 | Adding 92 new reputations
STATUS | wrapper  | 2012/08/17 04:45:54 | CTRL-C trapped.  Shutting down.
STATUS | wrapper  | 2012/08/17 04:45:56 | <-- Wrapper Stopped
STATUS | wrapper  | 2012/08/17 04:46:09 | IP Reputation service installed.
STATUS | wrapper  | 2012/08/17 04:46:15 | Starting the IP Reputation service...
STATUS | wrapper  | 2012/08/17 04:46:15 | --> Wrapper Started as Service
STATUS | wrapper  | 2012/08/17 04:46:15 | Java Service Wrapper Community Edition 32-bit 3.5.15
STATUS | wrapper  | 2012/08/17 04:46:15 |   Copyright (C) 1999-2012 Tanuki Software, Ltd. All Rights Reserved.
STATUS | wrapper  | 2012/08/17 04:46:15 |     http://wrapper.tanukisoftware.com
STATUS | wrapper  | 2012/08/17 04:46:15 | 
STATUS | wrapper  | 2012/08/17 04:46:16 | Launching a JVM...
INFO   | jvm 1    | 2012/08/17 04:46:16 | WrapperManager: Initializing...
INFO   | jvm 1    | 2012/08/17 04:46:18 | Adding 90 new reputations
INFO   | wrapper  | 2012/08/17 04:46:20 | Waiting to start...
STATUS | wrapper  | 2012/08/17 04:46:21 | IP Reputation started.
INFO   | jvm 1    | 2012/08/17 04:46:48 | Adding 90 new reputations
INFO   | jvm 1    | 2012/08/17 04:47:19 | Adding 89 new reputations
